Writing filtered delta file /home/svenbuerki/Documents/Kmers_analyses/Quast/quast_results/results_2019_04_02_12_21_49/contigs_reports/nucmer_output/SRR5759239_assembly-scafSeq.filter
Reading delta file /home/svenbuerki/Documents/Kmers_analyses/Quast/quast_results/results_2019_04_02_12_21_49/contigs_reports/nucmer_output/SRR5759239_assembly-scafSeq.delta
Writing plot files /home/svenbuerki/Documents/Kmers_analyses/Quast/quast_results/results_2019_04_02_12_21_49/contigs_reports/nucmer_output/SRR5759239_assembly-scafSeq.fplot, /home/svenbuerki/Documents/Kmers_analyses/Quast/quast_results/results_2019_04_02_12_21_49/contigs_reports/nucmer_output/SRR5759239_assembly-scafSeq.rplot
Writing gnuplot script /home/svenbuerki/Documents/Kmers_analyses/Quast/quast_results/results_2019_04_02_12_21_49/contigs_reports/nucmer_output/SRR5759239_assembly-scafSeq.gp
Rendering plot /home/svenbuerki/Documents/Kmers_analyses/Quast/quast_results/results_2019_04_02_12_21_49/contigs_reports/nucmer_output/SRR5759239_assembly-scafSeq.html
Stderr outputs for reference parts are in:
/home/svenbuerki/Documents/Kmers_analyses/Quast/quast_results/results_2019_04_02_12_21_49/contigs_reports/contigs_report_SRR5759239_assembly-scafSeq.stderr_part1
/home/svenbuerki/Documents/Kmers_analyses/Quast/quast_results/results_2019_04_02_12_21_49/contigs_reports/contigs_report_SRR5759239_assembly-scafSeq.stderr_part2
/home/svenbuerki/Documents/Kmers_analyses/Quast/quast_results/results_2019_04_02_12_21_49/contigs_reports/contigs_report_SRR5759239_assembly-scafSeq.stderr_part3
/home/svenbuerki/Documents/Kmers_analyses/Quast/quast_results/results_2019_04_02_12_21_49/contigs_reports/contigs_report_SRR5759239_assembly-scafSeq.stderr_part4
/home/svenbuerki/Documents/Kmers_analyses/Quast/quast_results/results_2019_04_02_12_21_49/contigs_reports/contigs_report_SRR5759239_assembly-scafSeq.stderr_part5
/home/svenbuerki/Documents/Kmers_analyses/Quast/quast_results/results_2019_04_02_12_21_49/contigs_reports/contigs_report_SRR5759239_assembly-scafSeq.stderr_part6
/home/svenbuerki/Documents/Kmers_analyses/Quast/quast_results/results_2019_04_02_12_21_49/contigs_reports/contigs_report_SRR5759239_assembly-scafSeq.stderr_part7
/home/svenbuerki/Documents/Kmers_analyses/Quast/quast_results/results_2019_04_02_12_21_49/contigs_reports/contigs_report_SRR5759239_assembly-scafSeq.stderr_part8
/home/svenbuerki/Documents/Kmers_analyses/Quast/quast_results/results_2019_04_02_12_21_49/contigs_reports/contigs_report_SRR5759239_assembly-scafSeq.stderr_part9
/home/svenbuerki/Documents/Kmers_analyses/Quast/quast_results/results_2019_04_02_12_21_49/contigs_reports/contigs_report_SRR5759239_assembly-scafSeq.stderr_part10
/home/svenbuerki/Documents/Kmers_analyses/Quast/quast_results/results_2019_04_02_12_21_49/contigs_reports/contigs_report_SRR5759239_assembly-scafSeq.stderr_part11
/home/svenbuerki/Documents/Kmers_analyses/Quast/quast_results/results_2019_04_02_12_21_49/contigs_reports/contigs_report_SRR5759239_assembly-scafSeq.stderr_part12
/home/svenbuerki/Documents/Kmers_analyses/Quast/quast_results/results_2019_04_02_12_21_49/contigs_reports/contigs_report_SRR5759239_assembly-scafSeq.stderr_part13
/home/svenbuerki/Documents/Kmers_analyses/Quast/quast_results/results_2019_04_02_12_21_49/contigs_reports/contigs_report_SRR5759239_assembly-scafSeq.stderr_part14
/home/svenbuerki/Documents/Kmers_analyses/Quast/quast_results/results_2019_04_02_12_21_49/contigs_reports/contigs_report_SRR5759239_assembly-scafSeq.stderr_part15
/home/svenbuerki/Documents/Kmers_analyses/Quast/quast_results/results_2019_04_02_12_21_49/contigs_reports/contigs_report_SRR5759239_assembly-scafSeq.stderr_part16
/home/svenbuerki/Documents/Kmers_analyses/Quast/quast_results/results_2019_04_02_12_21_49/contigs_reports/contigs_report_SRR5759239_assembly-scafSeq.stderr_part17
/home/svenbuerki/Documents/Kmers_analyses/Quast/quast_results/results_2019_04_02_12_21_49/contigs_reports/contigs_report_SRR5759239_assembly-scafSeq.stderr_part18
/home/svenbuerki/Documents/Kmers_analyses/Quast/quast_results/results_2019_04_02_12_21_49/contigs_reports/contigs_report_SRR5759239_assembly-scafSeq.stderr_part19
/home/svenbuerki/Documents/Kmers_analyses/Quast/quast_results/results_2019_04_02_12_21_49/contigs_reports/contigs_report_SRR5759239_assembly-scafSeq.stderr_part20
/home/svenbuerki/Documents/Kmers_analyses/Quast/quast_results/results_2019_04_02_12_21_49/contigs_reports/contigs_report_SRR5759239_assembly-scafSeq.stderr_part21

