/home/svenbuerki/Documents/software/quast-4.6.2/quast.py -R /home/svenbuerki/Documents/Kmers_analyses/Map_reads/PEFY01.1.fsa_nt.gz --threads 20 --scaffolds --fragmented /home/svenbuerki/Documents/Kmers_analyses/SOAPdenovo2/SRR5759239_assembly.scafSeq

Version: 4.6.2, 6564c26

System information:
  OS: Linux-4.15.0-45-generic-x86_64-with-Ubuntu-16.04-xenial (linux_64)
  Python version: 2.7.12
  CPUs number: 32

Started: 2019-04-02 12:21:49

Logging to /home/svenbuerki/Documents/Kmers_analyses/Quast/quast_results/results_2019_04_02_12_21_49/quast.log

CWD: /home/svenbuerki/Documents/Kmers_analyses/Quast
Main parameters: 
  Threads: 20, scaffolds: true, minimum contig length: 500, ambiguity: one, threshold for extensive misassembly size: 1000

Reference:
  /home/svenbuerki/Documents/Kmers_analyses/Map_reads/PEFY01.1.fsa_nt.gz ==> PEFY01.1

Contigs:
  Pre-processing...
  /home/svenbuerki/Documents/Kmers_analyses/SOAPdenovo2/SRR5759239_assembly.scafSeq ==> SRR5759239_assembly.scafSeq
    breaking scaffolds into contigs:
      84785 scaffolds (SRR5759239_assembly.scafSeq) were broken into 119664 contigs (SRR5759239_assembly.scafSeq_broken)

2019-04-02 12:22:29
Running Basic statistics processor...
  Reference genome:
    PEFY01.1.fsa_nt, length = 322899837, num fragments = 12380, GC % = 33.73
  Contig files: 
    1  SRR5759239_assembly.scafSeq
    2  SRR5759239_assembly.scafSeq_broken
  Calculating N50 and L50...
    1  SRR5759239_assembly.scafSeq, N50 = 6389, L50 = 13105, Total length = 293096881, GC % = 33.55, # N's per 100 kbp =  888.39
    2  SRR5759239_assembly.scafSeq_broken, N50 = 3561, L50 = 22031, Total length = 274794774, GC % = 33.44, # N's per 100 kbp =  36.31
  Drawing Nx plot...
    saved to /home/svenbuerki/Documents/Kmers_analyses/Quast/quast_results/results_2019_04_02_12_21_49/basic_stats/Nx_plot.pdf
  Drawing NGx plot...
    saved to /home/svenbuerki/Documents/Kmers_analyses/Quast/quast_results/results_2019_04_02_12_21_49/basic_stats/NGx_plot.pdf
  Drawing cumulative plot...
    saved to /home/svenbuerki/Documents/Kmers_analyses/Quast/quast_results/results_2019_04_02_12_21_49/basic_stats/cumulative_plot.pdf
  Drawing GC content plot...
    saved to /home/svenbuerki/Documents/Kmers_analyses/Quast/quast_results/results_2019_04_02_12_21_49/basic_stats/GC_content_plot.pdf
  Drawing SRR5759239_assembly.scafSeq GC content plot...
    saved to /home/svenbuerki/Documents/Kmers_analyses/Quast/quast_results/results_2019_04_02_12_21_49/basic_stats/SRR5759239_assembly.scafSeq_GC_content_plot.pdf
  Drawing SRR5759239_assembly.scafSeq_broken GC content plot...
    saved to /home/svenbuerki/Documents/Kmers_analyses/Quast/quast_results/results_2019_04_02_12_21_49/basic_stats/SRR5759239_assembly.scafSeq_broken_GC_content_plot.pdf
Done.

2019-04-02 12:23:02
Running Contig analyzer...
NOTICE: Previous try of E-MEM compilation was unsuccessful! For forced retrying, please remove /home/svenbuerki/Documents/software/quast-4.6.2/quast_libs/MUMmer/make.emem.failed and restart QUAST. Currently, QUAST will use Nucmer which is absolutely fine, albeit slower.
  1  SRR5759239_assembly.scafSeq
  1  Logging to files /home/svenbuerki/Documents/Kmers_analyses/Quast/quast_results/results_2019_04_02_12_21_49/contigs_reports/contigs_report_SRR5759239_assembly-scafSeq.stdout and contigs_report_SRR5759239_assembly-scafSeq.stderr...
  1  Aligning contigs to the reference
    Aligning to different chromosomes in parallel (20 threads)
  1  /home/svenbuerki/Documents/software/quast-4.6.2/quast_libs/MUMmer/nucmer -c 65 \
     -l 65 --maxmatch -p quast_results/results_2019_04_02_12_21_49/contigs_reports/nucmer_output/SRR5759239_assembly-scafSeq_part_1.fsa_nt \
     quast_results/results_2019_04_02_12_21_49/quast_corrected_input/split_ref/part_1.fsa_nt \
     quast_results/results_2019_04_02_12_21_49/quast_corrected_input/SRR5759239_assembly-scafSeq \
     >> quast_results/results_2019_04_02_12_21_49/contigs_reports/contigs_report_SRR5759239_assembly-scafSeq.stdout \
     2>> quast_results/results_2019_04_02_12_21_49/contigs_reports/contigs_report_SRR5759239_assembly-scafSeq.stderr_part1
  1  /home/svenbuerki/Documents/software/quast-4.6.2/quast_libs/MUMmer/nucmer -c 65 \
     -l 65 --maxmatch -p quast_results/results_2019_04_02_12_21_49/contigs_reports/nucmer_output/SRR5759239_assembly-scafSeq_part_2.fsa_nt \
     quast_results/results_2019_04_02_12_21_49/quast_corrected_input/split_ref/part_2.fsa_nt \
     quast_results/results_2019_04_02_12_21_49/quast_corrected_input/SRR5759239_assembly-scafSeq \
     >> quast_results/results_2019_04_02_12_21_49/contigs_reports/contigs_report_SRR5759239_assembly-scafSeq.stdout \
     2>> quast_results/results_2019_04_02_12_21_49/contigs_reports/contigs_report_SRR5759239_assembly-scafSeq.stderr_part2
  1  /home/svenbuerki/Documents/software/quast-4.6.2/quast_libs/MUMmer/nucmer -c 65 \
     -l 65 --maxmatch -p quast_results/results_2019_04_02_12_21_49/contigs_reports/nucmer_output/SRR5759239_assembly-scafSeq_part_3.fsa_nt \
     quast_results/results_2019_04_02_12_21_49/quast_corrected_input/split_ref/part_3.fsa_nt \
     quast_results/results_2019_04_02_12_21_49/quast_corrected_input/SRR5759239_assembly-scafSeq \
     >> quast_results/results_2019_04_02_12_21_49/contigs_reports/contigs_report_SRR5759239_assembly-scafSeq.stdout \
     2>> quast_results/results_2019_04_02_12_21_49/contigs_reports/contigs_report_SRR5759239_assembly-scafSeq.stderr_part3
  1  /home/svenbuerki/Documents/software/quast-4.6.2/quast_libs/MUMmer/nucmer -c 65 \
     -l 65 --maxmatch -p quast_results/results_2019_04_02_12_21_49/contigs_reports/nucmer_output/SRR5759239_assembly-scafSeq_part_4.fsa_nt \
     quast_results/results_2019_04_02_12_21_49/quast_corrected_input/split_ref/part_4.fsa_nt \
     quast_results/results_2019_04_02_12_21_49/quast_corrected_input/SRR5759239_assembly-scafSeq \
     >> quast_results/results_2019_04_02_12_21_49/contigs_reports/contigs_report_SRR5759239_assembly-scafSeq.stdout \
     2>> quast_results/results_2019_04_02_12_21_49/contigs_reports/contigs_report_SRR5759239_assembly-scafSeq.stderr_part4
  1  /home/svenbuerki/Documents/software/quast-4.6.2/quast_libs/MUMmer/nucmer -c 65 \
     -l 65 --maxmatch -p quast_results/results_2019_04_02_12_21_49/contigs_reports/nucmer_output/SRR5759239_assembly-scafSeq_part_5.fsa_nt \
     quast_results/results_2019_04_02_12_21_49/quast_corrected_input/split_ref/part_5.fsa_nt \
     quast_results/results_2019_04_02_12_21_49/quast_corrected_input/SRR5759239_assembly-scafSeq \
     >> quast_results/results_2019_04_02_12_21_49/contigs_reports/contigs_report_SRR5759239_assembly-scafSeq.stdout \
     2>> quast_results/results_2019_04_02_12_21_49/contigs_reports/contigs_report_SRR5759239_assembly-scafSeq.stderr_part5
  1  /home/svenbuerki/Documents/software/quast-4.6.2/quast_libs/MUMmer/nucmer -c 65 \
     -l 65 --maxmatch -p quast_results/results_2019_04_02_12_21_49/contigs_reports/nucmer_output/SRR5759239_assembly-scafSeq_part_6.fsa_nt \
     quast_results/results_2019_04_02_12_21_49/quast_corrected_input/split_ref/part_6.fsa_nt \
     quast_results/results_2019_04_02_12_21_49/quast_corrected_input/SRR5759239_assembly-scafSeq \
     >> quast_results/results_2019_04_02_12_21_49/contigs_reports/contigs_report_SRR5759239_assembly-scafSeq.stdout \
     2>> quast_results/results_2019_04_02_12_21_49/contigs_reports/contigs_report_SRR5759239_assembly-scafSeq.stderr_part6
  1  /home/svenbuerki/Documents/software/quast-4.6.2/quast_libs/MUMmer/nucmer -c 65 \
     -l 65 --maxmatch -p quast_results/results_2019_04_02_12_21_49/contigs_reports/nucmer_output/SRR5759239_assembly-scafSeq_part_7.fsa_nt \
     quast_results/results_2019_04_02_12_21_49/quast_corrected_input/split_ref/part_7.fsa_nt \
     quast_results/results_2019_04_02_12_21_49/quast_corrected_input/SRR5759239_assembly-scafSeq \
     >> quast_results/results_2019_04_02_12_21_49/contigs_reports/contigs_report_SRR5759239_assembly-scafSeq.stdout \
     2>> quast_results/results_2019_04_02_12_21_49/contigs_reports/contigs_report_SRR5759239_assembly-scafSeq.stderr_part7
  1  /home/svenbuerki/Documents/software/quast-4.6.2/quast_libs/MUMmer/nucmer -c 65 \
     -l 65 --maxmatch -p quast_results/results_2019_04_02_12_21_49/contigs_reports/nucmer_output/SRR5759239_assembly-scafSeq_part_8.fsa_nt \
     quast_results/results_2019_04_02_12_21_49/quast_corrected_input/split_ref/part_8.fsa_nt \
     quast_results/results_2019_04_02_12_21_49/quast_corrected_input/SRR5759239_assembly-scafSeq \
     >> quast_results/results_2019_04_02_12_21_49/contigs_reports/contigs_report_SRR5759239_assembly-scafSeq.stdout \
     2>> quast_results/results_2019_04_02_12_21_49/contigs_reports/contigs_report_SRR5759239_assembly-scafSeq.stderr_part8
  1  /home/svenbuerki/Documents/software/quast-4.6.2/quast_libs/MUMmer/nucmer -c 65 \
     -l 65 --maxmatch -p quast_results/results_2019_04_02_12_21_49/contigs_reports/nucmer_output/SRR5759239_assembly-scafSeq_part_9.fsa_nt \
     quast_results/results_2019_04_02_12_21_49/quast_corrected_input/split_ref/part_9.fsa_nt \
     quast_results/results_2019_04_02_12_21_49/quast_corrected_input/SRR5759239_assembly-scafSeq \
     >> quast_results/results_2019_04_02_12_21_49/contigs_reports/contigs_report_SRR5759239_assembly-scafSeq.stdout \
     2>> quast_results/results_2019_04_02_12_21_49/contigs_reports/contigs_report_SRR5759239_assembly-scafSeq.stderr_part9
  1  /home/svenbuerki/Documents/software/quast-4.6.2/quast_libs/MUMmer/nucmer -c 65 \
     -l 65 --maxmatch -p quast_results/results_2019_04_02_12_21_49/contigs_reports/nucmer_output/SRR5759239_assembly-scafSeq_part_10.fsa_nt \
     quast_results/results_2019_04_02_12_21_49/quast_corrected_input/split_ref/part_10.fsa_nt \
     quast_results/results_2019_04_02_12_21_49/quast_corrected_input/SRR5759239_assembly-scafSeq \
     >> quast_results/results_2019_04_02_12_21_49/contigs_reports/contigs_report_SRR5759239_assembly-scafSeq.stdout \
     2>> quast_results/results_2019_04_02_12_21_49/contigs_reports/contigs_report_SRR5759239_assembly-scafSeq.stderr_part10
  1  /home/svenbuerki/Documents/software/quast-4.6.2/quast_libs/MUMmer/nucmer -c 65 \
     -l 65 --maxmatch -p quast_results/results_2019_04_02_12_21_49/contigs_reports/nucmer_output/SRR5759239_assembly-scafSeq_part_11.fsa_nt \
     quast_results/results_2019_04_02_12_21_49/quast_corrected_input/split_ref/part_11.fsa_nt \
     quast_results/results_2019_04_02_12_21_49/quast_corrected_input/SRR5759239_assembly-scafSeq \
     >> quast_results/results_2019_04_02_12_21_49/contigs_reports/contigs_report_SRR5759239_assembly-scafSeq.stdout \
     2>> quast_results/results_2019_04_02_12_21_49/contigs_reports/contigs_report_SRR5759239_assembly-scafSeq.stderr_part11
  1  /home/svenbuerki/Documents/software/quast-4.6.2/quast_libs/MUMmer/nucmer -c 65 \
     -l 65 --maxmatch -p quast_results/results_2019_04_02_12_21_49/contigs_reports/nucmer_output/SRR5759239_assembly-scafSeq_part_12.fsa_nt \
     quast_results/results_2019_04_02_12_21_49/quast_corrected_input/split_ref/part_12.fsa_nt \
     quast_results/results_2019_04_02_12_21_49/quast_corrected_input/SRR5759239_assembly-scafSeq \
     >> quast_results/results_2019_04_02_12_21_49/contigs_reports/contigs_report_SRR5759239_assembly-scafSeq.stdout \
     2>> quast_results/results_2019_04_02_12_21_49/contigs_reports/contigs_report_SRR5759239_assembly-scafSeq.stderr_part12
  1  /home/svenbuerki/Documents/software/quast-4.6.2/quast_libs/MUMmer/nucmer -c 65 \
     -l 65 --maxmatch -p quast_results/results_2019_04_02_12_21_49/contigs_reports/nucmer_output/SRR5759239_assembly-scafSeq_part_13.fsa_nt \
     quast_results/results_2019_04_02_12_21_49/quast_corrected_input/split_ref/part_13.fsa_nt \
     quast_results/results_2019_04_02_12_21_49/quast_corrected_input/SRR5759239_assembly-scafSeq \
     >> quast_results/results_2019_04_02_12_21_49/contigs_reports/contigs_report_SRR5759239_assembly-scafSeq.stdout \
     2>> quast_results/results_2019_04_02_12_21_49/contigs_reports/contigs_report_SRR5759239_assembly-scafSeq.stderr_part13
  1  /home/svenbuerki/Documents/software/quast-4.6.2/quast_libs/MUMmer/nucmer -c 65 \
     -l 65 --maxmatch -p quast_results/results_2019_04_02_12_21_49/contigs_reports/nucmer_output/SRR5759239_assembly-scafSeq_part_14.fsa_nt \
     quast_results/results_2019_04_02_12_21_49/quast_corrected_input/split_ref/part_14.fsa_nt \
     quast_results/results_2019_04_02_12_21_49/quast_corrected_input/SRR5759239_assembly-scafSeq \
     >> quast_results/results_2019_04_02_12_21_49/contigs_reports/contigs_report_SRR5759239_assembly-scafSeq.stdout \
     2>> quast_results/results_2019_04_02_12_21_49/contigs_reports/contigs_report_SRR5759239_assembly-scafSeq.stderr_part14
  1  /home/svenbuerki/Documents/software/quast-4.6.2/quast_libs/MUMmer/nucmer -c 65 \
     -l 65 --maxmatch -p quast_results/results_2019_04_02_12_21_49/contigs_reports/nucmer_output/SRR5759239_assembly-scafSeq_part_15.fsa_nt \
     quast_results/results_2019_04_02_12_21_49/quast_corrected_input/split_ref/part_15.fsa_nt \
     quast_results/results_2019_04_02_12_21_49/quast_corrected_input/SRR5759239_assembly-scafSeq \
     >> quast_results/results_2019_04_02_12_21_49/contigs_reports/contigs_report_SRR5759239_assembly-scafSeq.stdout \
     2>> quast_results/results_2019_04_02_12_21_49/contigs_reports/contigs_report_SRR5759239_assembly-scafSeq.stderr_part15
  1  /home/svenbuerki/Documents/software/quast-4.6.2/quast_libs/MUMmer/nucmer -c 65 \
     -l 65 --maxmatch -p quast_results/results_2019_04_02_12_21_49/contigs_reports/nucmer_output/SRR5759239_assembly-scafSeq_part_16.fsa_nt \
     quast_results/results_2019_04_02_12_21_49/quast_corrected_input/split_ref/part_16.fsa_nt \
     quast_results/results_2019_04_02_12_21_49/quast_corrected_input/SRR5759239_assembly-scafSeq \
     >> quast_results/results_2019_04_02_12_21_49/contigs_reports/contigs_report_SRR5759239_assembly-scafSeq.stdout \
     2>> quast_results/results_2019_04_02_12_21_49/contigs_reports/contigs_report_SRR5759239_assembly-scafSeq.stderr_part16
  1  /home/svenbuerki/Documents/software/quast-4.6.2/quast_libs/MUMmer/nucmer -c 65 \
     -l 65 --maxmatch -p quast_results/results_2019_04_02_12_21_49/contigs_reports/nucmer_output/SRR5759239_assembly-scafSeq_part_17.fsa_nt \
     quast_results/results_2019_04_02_12_21_49/quast_corrected_input/split_ref/part_17.fsa_nt \
     quast_results/results_2019_04_02_12_21_49/quast_corrected_input/SRR5759239_assembly-scafSeq \
     >> quast_results/results_2019_04_02_12_21_49/contigs_reports/contigs_report_SRR5759239_assembly-scafSeq.stdout \
     2>> quast_results/results_2019_04_02_12_21_49/contigs_reports/contigs_report_SRR5759239_assembly-scafSeq.stderr_part17
  1  /home/svenbuerki/Documents/software/quast-4.6.2/quast_libs/MUMmer/nucmer -c 65 \
     -l 65 --maxmatch -p quast_results/results_2019_04_02_12_21_49/contigs_reports/nucmer_output/SRR5759239_assembly-scafSeq_part_18.fsa_nt \
     quast_results/results_2019_04_02_12_21_49/quast_corrected_input/split_ref/part_18.fsa_nt \
     quast_results/results_2019_04_02_12_21_49/quast_corrected_input/SRR5759239_assembly-scafSeq \
     >> quast_results/results_2019_04_02_12_21_49/contigs_reports/contigs_report_SRR5759239_assembly-scafSeq.stdout \
     2>> quast_results/results_2019_04_02_12_21_49/contigs_reports/contigs_report_SRR5759239_assembly-scafSeq.stderr_part18
  1  /home/svenbuerki/Documents/software/quast-4.6.2/quast_libs/MUMmer/nucmer -c 65 \
     -l 65 --maxmatch -p quast_results/results_2019_04_02_12_21_49/contigs_reports/nucmer_output/SRR5759239_assembly-scafSeq_part_19.fsa_nt \
     quast_results/results_2019_04_02_12_21_49/quast_corrected_input/split_ref/part_19.fsa_nt \
     quast_results/results_2019_04_02_12_21_49/quast_corrected_input/SRR5759239_assembly-scafSeq \
     >> quast_results/results_2019_04_02_12_21_49/contigs_reports/contigs_report_SRR5759239_assembly-scafSeq.stdout \
     2>> quast_results/results_2019_04_02_12_21_49/contigs_reports/contigs_report_SRR5759239_assembly-scafSeq.stderr_part19
  1  /home/svenbuerki/Documents/software/quast-4.6.2/quast_libs/MUMmer/nucmer -c 65 \
     -l 65 --maxmatch -p quast_results/results_2019_04_02_12_21_49/contigs_reports/nucmer_output/SRR5759239_assembly-scafSeq_part_20.fsa_nt \
     quast_results/results_2019_04_02_12_21_49/quast_corrected_input/split_ref/part_20.fsa_nt \
     quast_results/results_2019_04_02_12_21_49/quast_corrected_input/SRR5759239_assembly-scafSeq \
     >> quast_results/results_2019_04_02_12_21_49/contigs_reports/contigs_report_SRR5759239_assembly-scafSeq.stdout \
     2>> quast_results/results_2019_04_02_12_21_49/contigs_reports/contigs_report_SRR5759239_assembly-scafSeq.stderr_part20
  1  /home/svenbuerki/Documents/software/quast-4.6.2/quast_libs/MUMmer/nucmer -c 65 \
     -l 65 --maxmatch -p quast_results/results_2019_04_02_12_21_49/contigs_reports/nucmer_output/SRR5759239_assembly-scafSeq_part_21.fsa_nt \
     quast_results/results_2019_04_02_12_21_49/quast_corrected_input/split_ref/part_21.fsa_nt \
     quast_results/results_2019_04_02_12_21_49/quast_corrected_input/SRR5759239_assembly-scafSeq \
     >> quast_results/results_2019_04_02_12_21_49/contigs_reports/contigs_report_SRR5759239_assembly-scafSeq.stdout \
     2>> quast_results/results_2019_04_02_12_21_49/contigs_reports/contigs_report_SRR5759239_assembly-scafSeq.stderr_part21
  1  /home/svenbuerki/Documents/software/quast-4.6.2/quast_libs/MUMmer/delta-filter \
     -i 95.0 -l 0 quast_results/results_2019_04_02_12_21_49/contigs_reports/nucmer_output/SRR5759239_assembly-scafSeq.delta \
     > quast_results/results_2019_04_02_12_21_49/contigs_reports/nucmer_output/SRR5759239_assembly-scafSeq.fdelta \
     2> quast_results/results_2019_04_02_12_21_49/contigs_reports/contigs_report_SRR5759239_assembly-scafSeq.stderr
  1  /home/svenbuerki/Documents/software/quast-4.6.2/quast_libs/MUMmer/mummerplot \
     --html --layout -p quast_results/results_2019_04_02_12_21_49/contigs_reports/nucmer_output/SRR5759239_assembly-scafSeq \
     quast_results/results_2019_04_02_12_21_49/contigs_reports/nucmer_output/SRR5759239_assembly-scafSeq.delta \
     > quast_results/results_2019_04_02_12_21_49/contigs_reports/contigs_report_SRR5759239_assembly-scafSeq.stdout \
     2> quast_results/results_2019_04_02_12_21_49/contigs_reports/contigs_report_SRR5759239_assembly-scafSeq.stderr
  1  /usr/bin/gnuplot quast_results/results_2019_04_02_12_21_49/contigs_reports/nucmer_output/SRR5759239_assembly-scafSeq.gp \
     > /dev/null 2> quast_results/results_2019_04_02_12_21_49/contigs_reports/contigs_report_SRR5759239_assembly-scafSeq.stderr
  1  MUMmer plot saved to /home/svenbuerki/Documents/Kmers_analyses/Quast/quast_results/results_2019_04_02_12_21_49/contigs_reports/SRR5759239_assembly-scafSeq_mummerplot.html
  1  /home/svenbuerki/Documents/software/quast-4.6.2/quast_libs/MUMmer/show-coords \
     quast_results/results_2019_04_02_12_21_49/contigs_reports/nucmer_output/SRR5759239_assembly-scafSeq.delta \
     > quast_results/results_2019_04_02_12_21_49/contigs_reports/nucmer_output/SRR5759239_assembly-scafSeq.coords_tmp \
     2> quast_results/results_2019_04_02_12_21_49/contigs_reports/contigs_report_SRR5759239_assembly-scafSeq.stderr
  1  /home/svenbuerki/Documents/software/quast-4.6.2/quast_libs/MUMmer/show-snps -S \
     -T -H quast_results/results_2019_04_02_12_21_49/contigs_reports/nucmer_output/SRR5759239_assembly-scafSeq.delta \
     < quast_results/results_2019_04_02_12_21_49/contigs_reports/nucmer_output/SRR5759239_assembly-scafSeq.coords.headless \
     > quast_results/results_2019_04_02_12_21_49/contigs_reports/nucmer_output/SRR5759239_assembly-scafSeq.all_snps \
     2> quast_results/results_2019_04_02_12_21_49/contigs_reports/contigs_report_SRR5759239_assembly-scafSeq.stderr
  1  Analysis is finished.

  Gzipping /home/svenbuerki/Documents/Kmers_analyses/Quast/quast_results/results_2019_04_02_12_21_49/contigs_reports/nucmer_output/SRR5759239_assembly-scafSeq.all_snps to reduce disk space usage...
    saved to /home/svenbuerki/Documents/Kmers_analyses/Quast/quast_results/results_2019_04_02_12_21_49/contigs_reports/nucmer_output/SRR5759239_assembly-scafSeq.all_snps.gz
  2  SRR5759239_assembly.scafSeq_broken
  2  Logging to files /home/svenbuerki/Documents/Kmers_analyses/Quast/quast_results/results_2019_04_02_12_21_49/contigs_reports/contigs_report_SRR5759239_assembly-scafSeq_broken.stdout and contigs_report_SRR5759239_assembly-scafSeq_broken.stderr...
  2  Aligning contigs to the reference
    Aligning to different chromosomes in parallel (20 threads)
  2  /home/svenbuerki/Documents/software/quast-4.6.2/quast_libs/MUMmer/nucmer -c 65 \
     -l 65 --maxmatch -p quast_results/results_2019_04_02_12_21_49/contigs_reports/nucmer_output/SRR5759239_assembly-scafSeq_broken_part_1.fsa_nt \
     quast_results/results_2019_04_02_12_21_49/quast_corrected_input/split_ref/part_1.fsa_nt \
     quast_results/results_2019_04_02_12_21_49/quast_corrected_input/SRR5759239_assembly-scafSeq__1_broken \
     >> quast_results/results_2019_04_02_12_21_49/contigs_reports/contigs_report_SRR5759239_assembly-scafSeq_broken.stdout \
     2>> quast_results/results_2019_04_02_12_21_49/contigs_reports/contigs_report_SRR5759239_assembly-scafSeq_broken.stderr_part1
  2  /home/svenbuerki/Documents/software/quast-4.6.2/quast_libs/MUMmer/nucmer -c 65 \
     -l 65 --maxmatch -p quast_results/results_2019_04_02_12_21_49/contigs_reports/nucmer_output/SRR5759239_assembly-scafSeq_broken_part_2.fsa_nt \
     quast_results/results_2019_04_02_12_21_49/quast_corrected_input/split_ref/part_2.fsa_nt \
     quast_results/results_2019_04_02_12_21_49/quast_corrected_input/SRR5759239_assembly-scafSeq__1_broken \
     >> quast_results/results_2019_04_02_12_21_49/contigs_reports/contigs_report_SRR5759239_assembly-scafSeq_broken.stdout \
     2>> quast_results/results_2019_04_02_12_21_49/contigs_reports/contigs_report_SRR5759239_assembly-scafSeq_broken.stderr_part2
  2  /home/svenbuerki/Documents/software/quast-4.6.2/quast_libs/MUMmer/nucmer -c 65 \
     -l 65 --maxmatch -p quast_results/results_2019_04_02_12_21_49/contigs_reports/nucmer_output/SRR5759239_assembly-scafSeq_broken_part_3.fsa_nt \
     quast_results/results_2019_04_02_12_21_49/quast_corrected_input/split_ref/part_3.fsa_nt \
     quast_results/results_2019_04_02_12_21_49/quast_corrected_input/SRR5759239_assembly-scafSeq__1_broken \
     >> quast_results/results_2019_04_02_12_21_49/contigs_reports/contigs_report_SRR5759239_assembly-scafSeq_broken.stdout \
     2>> quast_results/results_2019_04_02_12_21_49/contigs_reports/contigs_report_SRR5759239_assembly-scafSeq_broken.stderr_part3
  2  /home/svenbuerki/Documents/software/quast-4.6.2/quast_libs/MUMmer/nucmer -c 65 \
     -l 65 --maxmatch -p quast_results/results_2019_04_02_12_21_49/contigs_reports/nucmer_output/SRR5759239_assembly-scafSeq_broken_part_4.fsa_nt \
     quast_results/results_2019_04_02_12_21_49/quast_corrected_input/split_ref/part_4.fsa_nt \
     quast_results/results_2019_04_02_12_21_49/quast_corrected_input/SRR5759239_assembly-scafSeq__1_broken \
     >> quast_results/results_2019_04_02_12_21_49/contigs_reports/contigs_report_SRR5759239_assembly-scafSeq_broken.stdout \
     2>> quast_results/results_2019_04_02_12_21_49/contigs_reports/contigs_report_SRR5759239_assembly-scafSeq_broken.stderr_part4
  2  /home/svenbuerki/Documents/software/quast-4.6.2/quast_libs/MUMmer/nucmer -c 65 \
     -l 65 --maxmatch -p quast_results/results_2019_04_02_12_21_49/contigs_reports/nucmer_output/SRR5759239_assembly-scafSeq_broken_part_5.fsa_nt \
     quast_results/results_2019_04_02_12_21_49/quast_corrected_input/split_ref/part_5.fsa_nt \
     quast_results/results_2019_04_02_12_21_49/quast_corrected_input/SRR5759239_assembly-scafSeq__1_broken \
     >> quast_results/results_2019_04_02_12_21_49/contigs_reports/contigs_report_SRR5759239_assembly-scafSeq_broken.stdout \
     2>> quast_results/results_2019_04_02_12_21_49/contigs_reports/contigs_report_SRR5759239_assembly-scafSeq_broken.stderr_part5
  2  /home/svenbuerki/Documents/software/quast-4.6.2/quast_libs/MUMmer/nucmer -c 65 \
     -l 65 --maxmatch -p quast_results/results_2019_04_02_12_21_49/contigs_reports/nucmer_output/SRR5759239_assembly-scafSeq_broken_part_7.fsa_nt \
     quast_results/results_2019_04_02_12_21_49/quast_corrected_input/split_ref/part_7.fsa_nt \
     quast_results/results_2019_04_02_12_21_49/quast_corrected_input/SRR5759239_assembly-scafSeq__1_broken \
     >> quast_results/results_2019_04_02_12_21_49/contigs_reports/contigs_report_SRR5759239_assembly-scafSeq_broken.stdout \
     2>> quast_results/results_2019_04_02_12_21_49/contigs_reports/contigs_report_SRR5759239_assembly-scafSeq_broken.stderr_part7
  2  /home/svenbuerki/Documents/software/quast-4.6.2/quast_libs/MUMmer/nucmer -c 65 \
     -l 65 --maxmatch -p quast_results/results_2019_04_02_12_21_49/contigs_reports/nucmer_output/SRR5759239_assembly-scafSeq_broken_part_8.fsa_nt \
     quast_results/results_2019_04_02_12_21_49/quast_corrected_input/split_ref/part_8.fsa_nt \
     quast_results/results_2019_04_02_12_21_49/quast_corrected_input/SRR5759239_assembly-scafSeq__1_broken \
     >> quast_results/results_2019_04_02_12_21_49/contigs_reports/contigs_report_SRR5759239_assembly-scafSeq_broken.stdout \
     2>> quast_results/results_2019_04_02_12_21_49/contigs_reports/contigs_report_SRR5759239_assembly-scafSeq_broken.stderr_part8
  2  /home/svenbuerki/Documents/software/quast-4.6.2/quast_libs/MUMmer/nucmer -c 65 \
     -l 65 --maxmatch -p quast_results/results_2019_04_02_12_21_49/contigs_reports/nucmer_output/SRR5759239_assembly-scafSeq_broken_part_6.fsa_nt \
     quast_results/results_2019_04_02_12_21_49/quast_corrected_input/split_ref/part_6.fsa_nt \
     quast_results/results_2019_04_02_12_21_49/quast_corrected_input/SRR5759239_assembly-scafSeq__1_broken \
     >> quast_results/results_2019_04_02_12_21_49/contigs_reports/contigs_report_SRR5759239_assembly-scafSeq_broken.stdout \
     2>> quast_results/results_2019_04_02_12_21_49/contigs_reports/contigs_report_SRR5759239_assembly-scafSeq_broken.stderr_part6
  2  /home/svenbuerki/Documents/software/quast-4.6.2/quast_libs/MUMmer/nucmer -c 65 \
     -l 65 --maxmatch -p quast_results/results_2019_04_02_12_21_49/contigs_reports/nucmer_output/SRR5759239_assembly-scafSeq_broken_part_9.fsa_nt \
     quast_results/results_2019_04_02_12_21_49/quast_corrected_input/split_ref/part_9.fsa_nt \
     quast_results/results_2019_04_02_12_21_49/quast_corrected_input/SRR5759239_assembly-scafSeq__1_broken \
     >> quast_results/results_2019_04_02_12_21_49/contigs_reports/contigs_report_SRR5759239_assembly-scafSeq_broken.stdout \
     2>> quast_results/results_2019_04_02_12_21_49/contigs_reports/contigs_report_SRR5759239_assembly-scafSeq_broken.stderr_part9
  2  /home/svenbuerki/Documents/software/quast-4.6.2/quast_libs/MUMmer/nucmer -c 65 \
     -l 65 --maxmatch -p quast_results/results_2019_04_02_12_21_49/contigs_reports/nucmer_output/SRR5759239_assembly-scafSeq_broken_part_10.fsa_nt \
     quast_results/results_2019_04_02_12_21_49/quast_corrected_input/split_ref/part_10.fsa_nt \
     quast_results/results_2019_04_02_12_21_49/quast_corrected_input/SRR5759239_assembly-scafSeq__1_broken \
     >> quast_results/results_2019_04_02_12_21_49/contigs_reports/contigs_report_SRR5759239_assembly-scafSeq_broken.stdout \
     2>> quast_results/results_2019_04_02_12_21_49/contigs_reports/contigs_report_SRR5759239_assembly-scafSeq_broken.stderr_part10
  2  /home/svenbuerki/Documents/software/quast-4.6.2/quast_libs/MUMmer/nucmer -c 65 \
     -l 65 --maxmatch -p quast_results/results_2019_04_02_12_21_49/contigs_reports/nucmer_output/SRR5759239_assembly-scafSeq_broken_part_11.fsa_nt \
     quast_results/results_2019_04_02_12_21_49/quast_corrected_input/split_ref/part_11.fsa_nt \
     quast_results/results_2019_04_02_12_21_49/quast_corrected_input/SRR5759239_assembly-scafSeq__1_broken \
     >> quast_results/results_2019_04_02_12_21_49/contigs_reports/contigs_report_SRR5759239_assembly-scafSeq_broken.stdout \
     2>> quast_results/results_2019_04_02_12_21_49/contigs_reports/contigs_report_SRR5759239_assembly-scafSeq_broken.stderr_part11
  2  /home/svenbuerki/Documents/software/quast-4.6.2/quast_libs/MUMmer/nucmer -c 65 \
     -l 65 --maxmatch -p quast_results/results_2019_04_02_12_21_49/contigs_reports/nucmer_output/SRR5759239_assembly-scafSeq_broken_part_12.fsa_nt \
     quast_results/results_2019_04_02_12_21_49/quast_corrected_input/split_ref/part_12.fsa_nt \
     quast_results/results_2019_04_02_12_21_49/quast_corrected_input/SRR5759239_assembly-scafSeq__1_broken \
     >> quast_results/results_2019_04_02_12_21_49/contigs_reports/contigs_report_SRR5759239_assembly-scafSeq_broken.stdout \
     2>> quast_results/results_2019_04_02_12_21_49/contigs_reports/contigs_report_SRR5759239_assembly-scafSeq_broken.stderr_part12
  2  /home/svenbuerki/Documents/software/quast-4.6.2/quast_libs/MUMmer/nucmer -c 65 \
     -l 65 --maxmatch -p quast_results/results_2019_04_02_12_21_49/contigs_reports/nucmer_output/SRR5759239_assembly-scafSeq_broken_part_13.fsa_nt \
     quast_results/results_2019_04_02_12_21_49/quast_corrected_input/split_ref/part_13.fsa_nt \
     quast_results/results_2019_04_02_12_21_49/quast_corrected_input/SRR5759239_assembly-scafSeq__1_broken \
     >> quast_results/results_2019_04_02_12_21_49/contigs_reports/contigs_report_SRR5759239_assembly-scafSeq_broken.stdout \
     2>> quast_results/results_2019_04_02_12_21_49/contigs_reports/contigs_report_SRR5759239_assembly-scafSeq_broken.stderr_part13
  2  /home/svenbuerki/Documents/software/quast-4.6.2/quast_libs/MUMmer/nucmer -c 65 \
     -l 65 --maxmatch -p quast_results/results_2019_04_02_12_21_49/contigs_reports/nucmer_output/SRR5759239_assembly-scafSeq_broken_part_14.fsa_nt \
     quast_results/results_2019_04_02_12_21_49/quast_corrected_input/split_ref/part_14.fsa_nt \
     quast_results/results_2019_04_02_12_21_49/quast_corrected_input/SRR5759239_assembly-scafSeq__1_broken \
     >> quast_results/results_2019_04_02_12_21_49/contigs_reports/contigs_report_SRR5759239_assembly-scafSeq_broken.stdout \
     2>> quast_results/results_2019_04_02_12_21_49/contigs_reports/contigs_report_SRR5759239_assembly-scafSeq_broken.stderr_part14
  2  /home/svenbuerki/Documents/software/quast-4.6.2/quast_libs/MUMmer/nucmer -c 65 \
     -l 65 --maxmatch -p quast_results/results_2019_04_02_12_21_49/contigs_reports/nucmer_output/SRR5759239_assembly-scafSeq_broken_part_15.fsa_nt \
     quast_results/results_2019_04_02_12_21_49/quast_corrected_input/split_ref/part_15.fsa_nt \
     quast_results/results_2019_04_02_12_21_49/quast_corrected_input/SRR5759239_assembly-scafSeq__1_broken \
     >> quast_results/results_2019_04_02_12_21_49/contigs_reports/contigs_report_SRR5759239_assembly-scafSeq_broken.stdout \
     2>> quast_results/results_2019_04_02_12_21_49/contigs_reports/contigs_report_SRR5759239_assembly-scafSeq_broken.stderr_part15
  2  /home/svenbuerki/Documents/software/quast-4.6.2/quast_libs/MUMmer/nucmer -c 65 \
     -l 65 --maxmatch -p quast_results/results_2019_04_02_12_21_49/contigs_reports/nucmer_output/SRR5759239_assembly-scafSeq_broken_part_16.fsa_nt \
     quast_results/results_2019_04_02_12_21_49/quast_corrected_input/split_ref/part_16.fsa_nt \
     quast_results/results_2019_04_02_12_21_49/quast_corrected_input/SRR5759239_assembly-scafSeq__1_broken \
     >> quast_results/results_2019_04_02_12_21_49/contigs_reports/contigs_report_SRR5759239_assembly-scafSeq_broken.stdout \
     2>> quast_results/results_2019_04_02_12_21_49/contigs_reports/contigs_report_SRR5759239_assembly-scafSeq_broken.stderr_part16
  2  /home/svenbuerki/Documents/software/quast-4.6.2/quast_libs/MUMmer/nucmer -c 65 \
     -l 65 --maxmatch -p quast_results/results_2019_04_02_12_21_49/contigs_reports/nucmer_output/SRR5759239_assembly-scafSeq_broken_part_18.fsa_nt \
     quast_results/results_2019_04_02_12_21_49/quast_corrected_input/split_ref/part_18.fsa_nt \
     quast_results/results_2019_04_02_12_21_49/quast_corrected_input/SRR5759239_assembly-scafSeq__1_broken \
     >> quast_results/results_2019_04_02_12_21_49/contigs_reports/contigs_report_SRR5759239_assembly-scafSeq_broken.stdout \
     2>> quast_results/results_2019_04_02_12_21_49/contigs_reports/contigs_report_SRR5759239_assembly-scafSeq_broken.stderr_part18
  2  /home/svenbuerki/Documents/software/quast-4.6.2/quast_libs/MUMmer/nucmer -c 65 \
     -l 65 --maxmatch -p quast_results/results_2019_04_02_12_21_49/contigs_reports/nucmer_output/SRR5759239_assembly-scafSeq_broken_part_17.fsa_nt \
     quast_results/results_2019_04_02_12_21_49/quast_corrected_input/split_ref/part_17.fsa_nt \
     quast_results/results_2019_04_02_12_21_49/quast_corrected_input/SRR5759239_assembly-scafSeq__1_broken \
     >> quast_results/results_2019_04_02_12_21_49/contigs_reports/contigs_report_SRR5759239_assembly-scafSeq_broken.stdout \
     2>> quast_results/results_2019_04_02_12_21_49/contigs_reports/contigs_report_SRR5759239_assembly-scafSeq_broken.stderr_part17
  2  /home/svenbuerki/Documents/software/quast-4.6.2/quast_libs/MUMmer/nucmer -c 65 \
     -l 65 --maxmatch -p quast_results/results_2019_04_02_12_21_49/contigs_reports/nucmer_output/SRR5759239_assembly-scafSeq_broken_part_19.fsa_nt \
     quast_results/results_2019_04_02_12_21_49/quast_corrected_input/split_ref/part_19.fsa_nt \
     quast_results/results_2019_04_02_12_21_49/quast_corrected_input/SRR5759239_assembly-scafSeq__1_broken \
     >> quast_results/results_2019_04_02_12_21_49/contigs_reports/contigs_report_SRR5759239_assembly-scafSeq_broken.stdout \
     2>> quast_results/results_2019_04_02_12_21_49/contigs_reports/contigs_report_SRR5759239_assembly-scafSeq_broken.stderr_part19
  2  /home/svenbuerki/Documents/software/quast-4.6.2/quast_libs/MUMmer/nucmer -c 65 \
     -l 65 --maxmatch -p quast_results/results_2019_04_02_12_21_49/contigs_reports/nucmer_output/SRR5759239_assembly-scafSeq_broken_part_20.fsa_nt \
     quast_results/results_2019_04_02_12_21_49/quast_corrected_input/split_ref/part_20.fsa_nt \
     quast_results/results_2019_04_02_12_21_49/quast_corrected_input/SRR5759239_assembly-scafSeq__1_broken \
     >> quast_results/results_2019_04_02_12_21_49/contigs_reports/contigs_report_SRR5759239_assembly-scafSeq_broken.stdout \
     2>> quast_results/results_2019_04_02_12_21_49/contigs_reports/contigs_report_SRR5759239_assembly-scafSeq_broken.stderr_part20
  2  /home/svenbuerki/Documents/software/quast-4.6.2/quast_libs/MUMmer/nucmer -c 65 \
     -l 65 --maxmatch -p quast_results/results_2019_04_02_12_21_49/contigs_reports/nucmer_output/SRR5759239_assembly-scafSeq_broken_part_21.fsa_nt \
     quast_results/results_2019_04_02_12_21_49/quast_corrected_input/split_ref/part_21.fsa_nt \
     quast_results/results_2019_04_02_12_21_49/quast_corrected_input/SRR5759239_assembly-scafSeq__1_broken \
     >> quast_results/results_2019_04_02_12_21_49/contigs_reports/contigs_report_SRR5759239_assembly-scafSeq_broken.stdout \
     2>> quast_results/results_2019_04_02_12_21_49/contigs_reports/contigs_report_SRR5759239_assembly-scafSeq_broken.stderr_part21
  2  /home/svenbuerki/Documents/software/quast-4.6.2/quast_libs/MUMmer/delta-filter \
     -i 95.0 -l 0 quast_results/results_2019_04_02_12_21_49/contigs_reports/nucmer_output/SRR5759239_assembly-scafSeq_broken.delta \
     > quast_results/results_2019_04_02_12_21_49/contigs_reports/nucmer_output/SRR5759239_assembly-scafSeq_broken.fdelta \
     2> quast_results/results_2019_04_02_12_21_49/contigs_reports/contigs_report_SRR5759239_assembly-scafSeq_broken.stderr
  2  /home/svenbuerki/Documents/software/quast-4.6.2/quast_libs/MUMmer/mummerplot \
     --html --layout -p quast_results/results_2019_04_02_12_21_49/contigs_reports/nucmer_output/SRR5759239_assembly-scafSeq_broken \
     quast_results/results_2019_04_02_12_21_49/contigs_reports/nucmer_output/SRR5759239_assembly-scafSeq_broken.delta \
     > quast_results/results_2019_04_02_12_21_49/contigs_reports/contigs_report_SRR5759239_assembly-scafSeq_broken.stdout \
     2> quast_results/results_2019_04_02_12_21_49/contigs_reports/contigs_report_SRR5759239_assembly-scafSeq_broken.stderr
  2  /usr/bin/gnuplot quast_results/results_2019_04_02_12_21_49/contigs_reports/nucmer_output/SRR5759239_assembly-scafSeq_broken.gp \
     > /dev/null 2> quast_results/results_2019_04_02_12_21_49/contigs_reports/contigs_report_SRR5759239_assembly-scafSeq_broken.stderr
  2  MUMmer plot saved to /home/svenbuerki/Documents/Kmers_analyses/Quast/quast_results/results_2019_04_02_12_21_49/contigs_reports/SRR5759239_assembly-scafSeq_broken_mummerplot.html
  2  /home/svenbuerki/Documents/software/quast-4.6.2/quast_libs/MUMmer/show-coords \
     quast_results/results_2019_04_02_12_21_49/contigs_reports/nucmer_output/SRR5759239_assembly-scafSeq_broken.delta \
     > quast_results/results_2019_04_02_12_21_49/contigs_reports/nucmer_output/SRR5759239_assembly-scafSeq_broken.coords_tmp \
     2> quast_results/results_2019_04_02_12_21_49/contigs_reports/contigs_report_SRR5759239_assembly-scafSeq_broken.stderr
  2  /home/svenbuerki/Documents/software/quast-4.6.2/quast_libs/MUMmer/show-snps -S \
     -T -H quast_results/results_2019_04_02_12_21_49/contigs_reports/nucmer_output/SRR5759239_assembly-scafSeq_broken.delta \
     < quast_results/results_2019_04_02_12_21_49/contigs_reports/nucmer_output/SRR5759239_assembly-scafSeq_broken.coords.headless \
     > quast_results/results_2019_04_02_12_21_49/contigs_reports/nucmer_output/SRR5759239_assembly-scafSeq_broken.all_snps \
     2> quast_results/results_2019_04_02_12_21_49/contigs_reports/contigs_report_SRR5759239_assembly-scafSeq_broken.stderr
  2  Analysis is finished.

  Gzipping /home/svenbuerki/Documents/Kmers_analyses/Quast/quast_results/results_2019_04_02_12_21_49/contigs_reports/nucmer_output/SRR5759239_assembly-scafSeq_broken.all_snps to reduce disk space usage...
    saved to /home/svenbuerki/Documents/Kmers_analyses/Quast/quast_results/results_2019_04_02_12_21_49/contigs_reports/nucmer_output/SRR5759239_assembly-scafSeq_broken.all_snps.gz
  Creating total report...
    saved to /home/svenbuerki/Documents/Kmers_analyses/Quast/quast_results/results_2019_04_02_12_21_49/contigs_reports/misassemblies_report.txt, misassemblies_report.tsv, and misassemblies_report.tex
  Transposed version of total report...
    saved to /home/svenbuerki/Documents/Kmers_analyses/Quast/quast_results/results_2019_04_02_12_21_49/contigs_reports/transposed_report_misassemblies.txt, transposed_report_misassemblies.tsv, and transposed_report_misassemblies.tex
  Creating total report...
    saved to /home/svenbuerki/Documents/Kmers_analyses/Quast/quast_results/results_2019_04_02_12_21_49/contigs_reports/unaligned_report.txt, unaligned_report.tsv, and unaligned_report.tex
  Drawing misassemblies by types plot...
    saved to /home/svenbuerki/Documents/Kmers_analyses/Quast/quast_results/results_2019_04_02_12_21_49/contigs_reports/misassemblies_plot.pdf
  Drawing misassemblies FRCurve plot...
    saved to /home/svenbuerki/Documents/Kmers_analyses/Quast/quast_results/results_2019_04_02_12_21_49/contigs_reports/misassemblies_frcurve_plot.pdf
Done.

2019-04-02 12:43:09
Running NA-NGA calculation...
  1  SRR5759239_assembly.scafSeq, Largest alignment = 58464, NA50 = 6261, NGA50 = 5508, LA50 = 13314, LGA50 = 15848
  2  SRR5759239_assembly.scafSeq_broken, Largest alignment = 32297, NA50 = 3528, NGA50 = 2829, LA50 = 22176, LGA50 = 29800
  Drawing cumulative plot...
    saved to /home/svenbuerki/Documents/Kmers_analyses/Quast/quast_results/results_2019_04_02_12_21_49/aligned_stats/cumulative_plot.pdf
  Drawing NAx plot...
    saved to /home/svenbuerki/Documents/Kmers_analyses/Quast/quast_results/results_2019_04_02_12_21_49/aligned_stats/NAx_plot.pdf
  Drawing NGAx plot...
    saved to /home/svenbuerki/Documents/Kmers_analyses/Quast/quast_results/results_2019_04_02_12_21_49/aligned_stats/NGAx_plot.pdf
Done.

2019-04-02 12:43:19
Running Genome analyzer...
  NOTICE: No file with genes provided. Use the -G option if you want to specify it.
  NOTICE: No file with operons provided. Use the -O option if you want to specify it.
  1  SRR5759239_assembly.scafSeq
  2  SRR5759239_assembly.scafSeq_broken
  2  Analysis is finished.
  1  Analysis is finished.
  Drawing Genome fraction, % histogram...
    saved to /home/svenbuerki/Documents/Kmers_analyses/Quast/quast_results/results_2019_04_02_12_21_49/genome_stats/genome_fraction_histogram.pdf
Done.

NOTICE: Genes are not predicted by default. Use --gene-finding option to enable it.

2019-04-02 12:44:45
Creating large visual summaries...
This may take a while: press Ctrl-C to skip this step..
  1 of 2: Creating Icarus viewers...
  2 of 2: Creating PDF with all tables and plots...
Done

2019-04-02 12:51:17
RESULTS:
  Text versions of total report are saved to /home/svenbuerki/Documents/Kmers_analyses/Quast/quast_results/results_2019_04_02_12_21_49/report.txt, report.tsv, and report.tex
  Text versions of transposed total report are saved to /home/svenbuerki/Documents/Kmers_analyses/Quast/quast_results/results_2019_04_02_12_21_49/transposed_report.txt, transposed_report.tsv, and transposed_report.tex
  HTML version (interactive tables and plots) saved to /home/svenbuerki/Documents/Kmers_analyses/Quast/quast_results/results_2019_04_02_12_21_49/report.html
  PDF version (tables and plots) is saved to /home/svenbuerki/Documents/Kmers_analyses/Quast/quast_results/results_2019_04_02_12_21_49/report.pdf
  Icarus (contig browser) is saved to /home/svenbuerki/Documents/Kmers_analyses/Quast/quast_results/results_2019_04_02_12_21_49/icarus.html
  Log saved to /home/svenbuerki/Documents/Kmers_analyses/Quast/quast_results/results_2019_04_02_12_21_49/quast.log

Finished: 2019-04-02 12:51:17
Elapsed time: 0:29:27.434390
NOTICEs: 4; WARNINGs: 0; non-fatal ERRORs: 0

Thank you for using QUAST!
